2015-04-15 10:10:25.833  INFO 18845 --- [com.ericpol.notifier.Application.main()] com.ericpol.notifier.Application         : Starting Application on pc-brs1-151-47 with PID 18845 (/local/vvai/work/siptools/sip-notifier/notifier-client/target/classes started by vvai in /local/vvai/work/siptools/sip-notifier/notifier-client)
2015-04-15 10:10:25.909  INFO 18845 --- [com.ericpol.notifier.Application.main()] ationConfigEmbeddedWebApplicationContext : Refreshing org.springframework.boot.context.embedded.AnnotationConfigEmbeddedWebApplicationContext@e2a040: startup date [Wed Apr 15 10:10:25 FET 2015]; root of context hierarchy
2015-04-15 10:10:26.896  INFO 18845 --- [com.ericpol.notifier.Application.main()] o.s.b.f.s.DefaultListableBeanFactory     : Overriding bean definition for bean 'beanNameViewResolver': replacing [Root bean: class [null]; scope=; abstract=false; lazyInit=false; autowireMode=3; dependencyCheck=0; autowireCandidate=true; primary=false; factoryBeanName=org.springframework.boot.autoconfigure.web.ErrorMvcAutoConfiguration$WhitelabelErrorViewConfiguration; factoryMethodName=beanNameViewResolver; initMethodName=null; destroyMethodName=(inferred); defined in class path resource [org/springframework/boot/autoconfigure/web/ErrorMvcAutoConfiguration$WhitelabelErrorViewConfiguration.class]] with [Root bean: class [null]; scope=; abstract=false; lazyInit=false; autowireMode=3; dependencyCheck=0; autowireCandidate=true; primary=false; factoryBeanName=org.springframework.boot.autoconfigure.web.WebMvcAutoConfiguration$WebMvcAutoConfigurationAdapter; factoryMethodName=beanNameViewResolver; initMethodName=null; destroyMethodName=(inferred); defined in class path resource [org/springframework/boot/autoconfigure/web/WebMvcAutoConfiguration$WebMvcAutoConfigurationAdapter.class]]
2015-04-15 10:10:27.921  INFO 18845 --- [com.ericpol.notifier.Application.main()] s.b.c.e.t.TomcatEmbeddedServletContainer : Tomcat initialized with port(s): 8383 (http)
2015-04-15 10:10:28.289  INFO 18845 --- [com.ericpol.notifier.Application.main()] o.apache.catalina.core.StandardService   : Starting service Tomcat
2015-04-15 10:10:28.291  INFO 18845 --- [com.ericpol.notifier.Application.main()] org.apache.catalina.core.StandardEngine  : Starting Servlet Engine: Apache Tomcat/8.0.15
2015-04-15 10:10:28.434  INFO 18845 --- [localhost-startStop-1] o.a.c.c.C.[Tomcat].[localhost].[/]       : Initializing Spring embedded WebApplicationContext
2015-04-15 10:10:28.435  INFO 18845 --- [localhost-startStop-1] o.s.web.context.ContextLoader            : Root WebApplicationContext: initialization completed in 2528 ms
2015-04-15 10:10:29.583  INFO 18845 --- [localhost-startStop-1] o.s.b.c.e.ServletRegistrationBean        : Mapping servlet: 'dispatcherServlet' to [/]
2015-04-15 10:10:29.588  INFO 18845 --- [localhost-startStop-1] o.s.b.c.embedded.FilterRegistrationBean  : Mapping filter: 'characterEncodingFilter' to: [/*]
2015-04-15 10:10:29.589  INFO 18845 --- [localhost-startStop-1] o.s.b.c.embedded.FilterRegistrationBean  : Mapping filter: 'hiddenHttpMethodFilter' to: [/*]
2015-04-15 10:10:29.692  INFO 18845 --- [com.ericpol.notifier.Application.main()] org.quartz.impl.StdSchedulerFactory      : Using default implementation for ThreadExecutor
2015-04-15 10:10:29.712  INFO 18845 --- [com.ericpol.notifier.Application.main()] org.quartz.core.SchedulerSignalerImpl    : Initialized Scheduler Signaller of type: class org.quartz.core.SchedulerSignalerImpl
2015-04-15 10:10:29.713  INFO 18845 --- [com.ericpol.notifier.Application.main()] org.quartz.core.QuartzScheduler          : Quartz Scheduler v.2.2.1 created.
2015-04-15 10:10:29.714  INFO 18845 --- [com.ericpol.notifier.Application.main()] org.quartz.simpl.RAMJobStore             : RAMJobStore initialized.
2015-04-15 10:10:29.715  INFO 18845 --- [com.ericpol.notifier.Application.main()] org.quartz.core.QuartzScheduler          : Scheduler meta-data: Quartz Scheduler (v2.2.1) 'SipCallScheduler' with instanceId 'NON_CLUSTERED'
  Scheduler class: 'org.quartz.core.QuartzScheduler' - running locally.
  NOT STARTED.
  Currently in standby mode.
  Number of jobs executed: 0
  Using thread pool 'org.quartz.simpl.SimpleThreadPool' - with 3 threads.
  Using job-store 'org.quartz.simpl.RAMJobStore' - which does not support persistence. and is not clustered.

2015-04-15 10:10:29.715  INFO 18845 --- [com.ericpol.notifier.Application.main()] org.quartz.impl.StdSchedulerFactory      : Quartz scheduler 'SipCallScheduler' initialized from default resource file in Quartz package: 'quartz.properties'
2015-04-15 10:10:29.715  INFO 18845 --- [com.ericpol.notifier.Application.main()] org.quartz.impl.StdSchedulerFactory      : Quartz scheduler version: 2.2.1
2015-04-15 10:10:29.724  INFO 18845 --- [com.ericpol.notifier.Application.main()] com.ericpol.notifier.Application         : server is localhost:8082
2015-04-15 10:10:29.726  INFO 18845 --- [com.ericpol.notifier.Application.main()] com.ericpol.notifier.Application         : period is 2
2015-04-15 10:10:29.727  INFO 18845 --- [com.ericpol.notifier.Application.main()] org.quartz.core.QuartzScheduler          : Scheduler SipCallScheduler_$_NON_CLUSTERED started.
2015-04-15 10:10:30.888  WARN 18845 --- [com.ericpol.notifier.Application.main()] ationConfigEmbeddedWebApplicationContext : Exception encountered during context initialization - cancelling refresh attempt

org.springframework.beans.factory.BeanCreationException: Error creating bean with name 'application': Invocation of init method failed; nested exception is NotesException: Wrong Password. (Passwords are case sensitive - be sure to use correct upper and lower case.)
	at org.springframework.beans.factory.annotation.InitDestroyAnnotationBeanPostProcessor.postProcessBeforeInitialization(InitDestroyAnnotationBeanPostProcessor.java:136)
	at org.springframework.beans.factory.support.AbstractAutowireCapableBeanFactory.applyBeanPostProcessorsBeforeInitialization(AbstractAutowireCapableBeanFactory.java:408)
	at org.springframework.beans.factory.support.AbstractAutowireCapableBeanFactory.initializeBean(AbstractAutowireCapableBeanFactory.java:1558)
	at org.springframework.beans.factory.support.AbstractAutowireCapableBeanFactory.doCreateBean(AbstractAutowireCapableBeanFactory.java:539)
	at org.springframework.beans.factory.support.AbstractAutowireCapableBeanFactory.createBean(AbstractAutowireCapableBeanFactory.java:476)
	at org.springframework.beans.factory.support.AbstractBeanFactory$1.getObject(AbstractBeanFactory.java:303)
	at org.springframework.beans.factory.support.DefaultSingletonBeanRegistry.getSingleton(DefaultSingletonBeanRegistry.java:230)
	at org.springframework.beans.factory.support.AbstractBeanFactory.doGetBean(AbstractBeanFactory.java:299)
	at org.springframework.beans.factory.support.AbstractBeanFactory.getBean(AbstractBeanFactory.java:194)
	at org.springframework.beans.factory.support.DefaultListableBeanFactory.preInstantiateSingletons(DefaultListableBeanFactory.java:762)
	at org.springframework.context.support.AbstractApplicationContext.finishBeanFactoryInitialization(AbstractApplicationContext.java:757)
	at org.springframework.context.support.AbstractApplicationContext.refresh(AbstractApplicationContext.java:480)
	at org.springframework.boot.context.embedded.EmbeddedWebApplicationContext.refresh(EmbeddedWebApplicationContext.java:118)
	at org.springframework.boot.SpringApplication.refresh(SpringApplication.java:691)
	at org.springframework.boot.SpringApplication.run(SpringApplication.java:321)
	at org.springframework.boot.SpringApplication.run(SpringApplication.java:961)
	at org.springframework.boot.SpringApplication.run(SpringApplication.java:950)
	at com.ericpol.notifier.Application.main(Application.java:45)
	at sun.reflect.NativeMethodAccessorImpl.invoke0(Native Method)
	at sun.reflect.NativeMethodAccessorImpl.invoke(NativeMethodAccessorImpl.java:57)
	at sun.reflect.DelegatingMethodAccessorImpl.invoke(DelegatingMethodAccessorImpl.java:43)
	at java.lang.reflect.Method.invoke(Method.java:606)
	at org.springframework.boot.maven.RunMojo$LaunchRunner.run(RunMojo.java:418)
	at java.lang.Thread.run(Thread.java:745)
Caused by: lotus.domino.NotesException: null
	at lotus.domino.local.Session.NCreateSessionWithPasswd(Native Method)
	at lotus.domino.local.Session.createSession(Unknown Source)
	at lotus.domino.NotesFactory.createSessionUP(Unknown Source)
	at lotus.domino.NotesFactory.createSession(Unknown Source)
	at com.ericpol.notifier.lotus.LotusNotesManager.detectLotusSettings(LotusNotesManager.java:678)
	at com.ericpol.notifier.Application.detectLotusSettings(Application.java:83)
	at com.ericpol.notifier.Application.initApplication(Application.java:59)
	at sun.reflect.NativeMethodAccessorImpl.invoke0(Native Method)
	at sun.reflect.NativeMethodAccessorImpl.invoke(NativeMethodAccessorImpl.java:57)
	at sun.reflect.DelegatingMethodAccessorImpl.invoke(DelegatingMethodAccessorImpl.java:43)
	at java.lang.reflect.Method.invoke(Method.java:606)
	at org.springframework.beans.factory.annotation.InitDestroyAnnotationBeanPostProcessor$LifecycleElement.invoke(InitDestroyAnnotationBeanPostProcessor.java:349)
	at org.springframework.beans.factory.annotation.InitDestroyAnnotationBeanPostProcessor$LifecycleMetadata.invokeInitMethods(InitDestroyAnnotationBeanPostProcessor.java:300)
	at org.springframework.beans.factory.annotation.InitDestroyAnnotationBeanPostProcessor.postProcessBeforeInitialization(InitDestroyAnnotationBeanPostProcessor.java:133)
	... 23 common frames omitted

2015-04-15 10:10:30.889  INFO 18845 --- [com.ericpol.notifier.Application.main()] org.quartz.core.QuartzScheduler          : Scheduler SipCallScheduler_$_NON_CLUSTERED shutting down.
2015-04-15 10:10:30.889  INFO 18845 --- [com.ericpol.notifier.Application.main()] org.quartz.core.QuartzScheduler          : Scheduler SipCallScheduler_$_NON_CLUSTERED paused.
2015-04-15 10:10:30.890  INFO 18845 --- [com.ericpol.notifier.Application.main()] org.quartz.core.QuartzScheduler          : Scheduler SipCallScheduler_$_NON_CLUSTERED shutdown complete.
2015-04-15 10:10:30.891  INFO 18845 --- [com.ericpol.notifier.Application.main()] o.apache.catalina.core.StandardService   : Stopping service Tomcat
2015-04-15 10:10:30.951  INFO 18845 --- [com.ericpol.notifier.Application.main()] .b.l.ClasspathLoggingApplicationListener : Application failed to start with classpath: [file:/local/vvai/work/siptools/sip-notifier/notifier-client/src/main/resources/, file:/local/vvai/work/siptools/sip-notifier/notifier-client/src/main/resources/, file:/local/vvai/work/siptools/sip-notifier/notifier-client/target/classes/, file:/afs/ericpol.int/home/v/v/vvai/home/.m2/repository/org/springframework/spring-aop/4.1.4.RELEASE/spring-aop-4.1.4.RELEASE.jar, file:/afs/ericpol.int/home/v/v/vvai/home/.m2/repository/org/apache/tomcat/embed/tomcat-embed-core/8.0.15/tomcat-embed-core-8.0.15.jar, file:/afs/ericpol.int/home/v/v/vvai/home/.m2/repository/org/apache/tomcat/embed/tomcat-embed-el/8.0.15/tomcat-embed-el-8.0.15.jar, file:/afs/ericpol.int/home/v/v/vvai/home/.m2/repository/org/jboss/logging/jboss-logging/3.1.3.GA/jboss-logging-3.1.3.GA.jar, file:/afs/ericpol.int/home/v/v/vvai/home/.m2/repository/org/springframework/boot/spring-boot-autoconfigure/1.2.1.RELEASE/spring-boot-autoconfigure-1.2.1.RELEASE.jar, file:/afs/ericpol.int/home/v/v/vvai/home/.m2/repository/javax/validation/validation-api/1.1.0.Final/validation-api-1.1.0.Final.jar, file:/afs/ericpol.int/home/v/v/vvai/home/.m2/repository/lotus-notes/notes/6.1/notes-6.1.jar, file:/afs/ericpol.int/home/v/v/vvai/home/.m2/repository/org/springframework/spring-webmvc/4.1.4.RELEASE/spring-webmvc-4.1.4.RELEASE.jar, file:/afs/ericpol.int/home/v/v/vvai/home/.m2/repository/com/fasterxml/classmate/1.0.0/classmate-1.0.0.jar, file:/afs/ericpol.int/home/v/v/vvai/home/.m2/repository/org/springframework/spring-web/4.1.4.RELEASE/spring-web-4.1.4.RELEASE.jar, file:/afs/ericpol.int/home/v/v/vvai/home/.m2/repository/org/hibernate/hibernate-validator/5.1.3.Final/hibernate-validator-5.1.3.Final.jar, file:/afs/ericpol.int/home/v/v/vvai/home/.m2/repository/org/yaml/snakeyaml/1.14/snakeyaml-1.14.jar, file:/afs/ericpol.int/home/v/v/vvai/home/.m2/repository/org/springframework/spring-expression/4.1.4.RELEASE/spring-expression-4.1.4.RELEASE.jar, file:/afs/ericpol.int/home/v/v/vvai/home/.m2/repository/org/springframework/spring-core/4.1.4.RELEASE/spring-core-4.1.4.RELEASE.jar, file:/afs/ericpol.int/home/v/v/vvai/home/.m2/repository/com/fasterxml/jackson/core/jackson-annotations/2.4.4/jackson-annotations-2.4.4.jar, file:/afs/ericpol.int/home/v/v/vvai/home/.m2/repository/com/fasterxml/jackson/core/jackson-databind/2.4.4/jackson-databind-2.4.4.jar, file:/afs/ericpol.int/home/v/v/vvai/home/.m2/repository/org/springframework/spring-beans/4.1.4.RELEASE/spring-beans-4.1.4.RELEASE.jar, file:/afs/ericpol.int/home/v/v/vvai/home/.m2/repository/org/springframework/spring-context/4.1.4.RELEASE/spring-context-4.1.4.RELEASE.jar, file:/afs/ericpol.int/home/v/v/vvai/home/.m2/repository/org/springframework/boot/spring-boot-starter-web/1.2.1.RELEASE/spring-boot-starter-web-1.2.1.RELEASE.jar, file:/afs/ericpol.int/home/v/v/vvai/home/.m2/repository/org/springframework/boot/spring-boot-starter/1.2.1.RELEASE/spring-boot-starter-1.2.1.RELEASE.jar, file:/afs/ericpol.int/home/v/v/vvai/home/.m2/repository/ch/qos/logback/logback-classic/1.1.2/logback-classic-1.1.2.jar, file:/afs/ericpol.int/home/v/v/vvai/home/.m2/repository/com/fasterxml/jackson/core/jackson-core/2.4.4/jackson-core-2.4.4.jar, file:/afs/ericpol.int/home/v/v/vvai/home/.m2/repository/org/slf4j/jul-to-slf4j/1.7.8/jul-to-slf4j-1.7.8.jar, file:/afs/ericpol.int/home/v/v/vvai/home/.m2/repository/org/springframework/boot/spring-boot-starter-tomcat/1.2.1.RELEASE/spring-boot-starter-tomcat-1.2.1.RELEASE.jar, file:/afs/ericpol.int/home/v/v/vvai/home/.m2/repository/org/apache/tomcat/embed/tomcat-embed-websocket/8.0.15/tomcat-embed-websocket-8.0.15.jar, file:/afs/ericpol.int/home/v/v/vvai/home/.m2/repository/org/quartz-scheduler/quartz/2.2.1/quartz-2.2.1.jar, file:/afs/ericpol.int/home/v/v/vvai/home/.m2/repository/aopalliance/aopalliance/1.0/aopalliance-1.0.jar, file:/afs/ericpol.int/home/v/v/vvai/home/.m2/repository/org/slf4j/log4j-over-slf4j/1.7.8/log4j-over-slf4j-1.7.8.jar, file:/afs/ericpol.int/home/v/v/vvai/home/.m2/repository/org/slf4j/jcl-over-slf4j/1.7.8/jcl-over-slf4j-1.7.8.jar, file:/afs/ericpol.int/home/v/v/vvai/home/.m2/repository/org/springframework/boot/spring-boot-starter-logging/1.2.1.RELEASE/spring-boot-starter-logging-1.2.1.RELEASE.jar, file:/afs/ericpol.int/home/v/v/vvai/home/.m2/repository/ch/qos/logback/logback-core/1.1.2/logback-core-1.1.2.jar, file:/afs/ericpol.int/home/v/v/vvai/home/.m2/repository/org/springframework/boot/spring-boot/1.2.1.RELEASE/spring-boot-1.2.1.RELEASE.jar, file:/afs/ericpol.int/home/v/v/vvai/home/.m2/repository/org/slf4j/slf4j-api/1.7.8/slf4j-api-1.7.8.jar, file:/afs/ericpol.int/home/v/v/vvai/home/.m2/repository/org/apache/tomcat/embed/tomcat-embed-logging-juli/8.0.15/tomcat-embed-logging-juli-8.0.15.jar, file:/afs/ericpol.int/home/v/v/vvai/home/.m2/repository/c3p0/c3p0/0.9.1.1/c3p0-0.9.1.1.jar]
2015-04-15 10:10:30.952  INFO 18845 --- [com.ericpol.notifier.Application.main()] utoConfigurationReportLoggingInitializer : 

Error starting ApplicationContext. To display the auto-configuration report enabled debug logging (start with --debug)


2015-04-15 10:10:30.953 ERROR 18845 --- [com.ericpol.notifier.Application.main()] o.s.boot.SpringApplication               : Application startup failed

org.springframework.beans.factory.BeanCreationException: Error creating bean with name 'application': Invocation of init method failed; nested exception is NotesException: Wrong Password. (Passwords are case sensitive - be sure to use correct upper and lower case.)
	at org.springframework.beans.factory.annotation.InitDestroyAnnotationBeanPostProcessor.postProcessBeforeInitialization(InitDestroyAnnotationBeanPostProcessor.java:136)
	at org.springframework.beans.factory.support.AbstractAutowireCapableBeanFactory.applyBeanPostProcessorsBeforeInitialization(AbstractAutowireCapableBeanFactory.java:408)
	at org.springframework.beans.factory.support.AbstractAutowireCapableBeanFactory.initializeBean(AbstractAutowireCapableBeanFactory.java:1558)
	at org.springframework.beans.factory.support.AbstractAutowireCapableBeanFactory.doCreateBean(AbstractAutowireCapableBeanFactory.java:539)
	at org.springframework.beans.factory.support.AbstractAutowireCapableBeanFactory.createBean(AbstractAutowireCapableBeanFactory.java:476)
	at org.springframework.beans.factory.support.AbstractBeanFactory$1.getObject(AbstractBeanFactory.java:303)
	at org.springframework.beans.factory.support.DefaultSingletonBeanRegistry.getSingleton(DefaultSingletonBeanRegistry.java:230)
	at org.springframework.beans.factory.support.AbstractBeanFactory.doGetBean(AbstractBeanFactory.java:299)
	at org.springframework.beans.factory.support.AbstractBeanFactory.getBean(AbstractBeanFactory.java:194)
	at org.springframework.beans.factory.support.DefaultListableBeanFactory.preInstantiateSingletons(DefaultListableBeanFactory.java:762)
	at org.springframework.context.support.AbstractApplicationContext.finishBeanFactoryInitialization(AbstractApplicationContext.java:757)
	at org.springframework.context.support.AbstractApplicationContext.refresh(AbstractApplicationContext.java:480)
	at org.springframework.boot.context.embedded.EmbeddedWebApplicationContext.refresh(EmbeddedWebApplicationContext.java:118)
	at org.springframework.boot.SpringApplication.refresh(SpringApplication.java:691)
	at org.springframework.boot.SpringApplication.run(SpringApplication.java:321)
	at org.springframework.boot.SpringApplication.run(SpringApplication.java:961)
	at org.springframework.boot.SpringApplication.run(SpringApplication.java:950)
	at com.ericpol.notifier.Application.main(Application.java:45)
	at sun.reflect.NativeMethodAccessorImpl.invoke0(Native Method)
	at sun.reflect.NativeMethodAccessorImpl.invoke(NativeMethodAccessorImpl.java:57)
	at sun.reflect.DelegatingMethodAccessorImpl.invoke(DelegatingMethodAccessorImpl.java:43)
	at java.lang.reflect.Method.invoke(Method.java:606)
	at org.springframework.boot.maven.RunMojo$LaunchRunner.run(RunMojo.java:418)
	at java.lang.Thread.run(Thread.java:745)
Caused by: lotus.domino.NotesException: null
	at lotus.domino.local.Session.NCreateSessionWithPasswd(Native Method)
	at lotus.domino.local.Session.createSession(Unknown Source)
	at lotus.domino.NotesFactory.createSessionUP(Unknown Source)
	at lotus.domino.NotesFactory.createSession(Unknown Source)
	at com.ericpol.notifier.lotus.LotusNotesManager.detectLotusSettings(LotusNotesManager.java:678)
	at com.ericpol.notifier.Application.detectLotusSettings(Application.java:83)
	at com.ericpol.notifier.Application.initApplication(Application.java:59)
	at sun.reflect.NativeMethodAccessorImpl.invoke0(Native Method)
	at sun.reflect.NativeMethodAccessorImpl.invoke(NativeMethodAccessorImpl.java:57)
	at sun.reflect.DelegatingMethodAccessorImpl.invoke(DelegatingMethodAccessorImpl.java:43)
	at java.lang.reflect.Method.invoke(Method.java:606)
	at org.springframework.beans.factory.annotation.InitDestroyAnnotationBeanPostProcessor$LifecycleElement.invoke(InitDestroyAnnotationBeanPostProcessor.java:349)
	at org.springframework.beans.factory.annotation.InitDestroyAnnotationBeanPostProcessor$LifecycleMetadata.invokeInitMethods(InitDestroyAnnotationBeanPostProcessor.java:300)
	at org.springframework.beans.factory.annotation.InitDestroyAnnotationBeanPostProcessor.postProcessBeforeInitialization(InitDestroyAnnotationBeanPostProcessor.java:133)
	... 23 common frames omitted

2015-04-15 10:12:36.876  INFO 22198 --- [com.ericpol.notifier.Application.main()] com.ericpol.notifier.Application         : Starting Application on pc-brs1-151-47 with PID 22198 (/local/vvai/work/siptools/sip-notifier/notifier-client/target/classes started by vvai in /local/vvai/work/siptools/sip-notifier/notifier-client)
2015-04-15 10:12:36.921  INFO 22198 --- [com.ericpol.notifier.Application.main()] ationConfigEmbeddedWebApplicationContext : Refreshing org.springframework.boot.context.embedded.AnnotationConfigEmbeddedWebApplicationContext@a76a: startup date [Wed Apr 15 10:12:36 FET 2015]; root of context hierarchy
2015-04-15 10:12:37.726  INFO 22198 --- [com.ericpol.notifier.Application.main()] o.s.b.f.s.DefaultListableBeanFactory     : Overriding bean definition for bean 'beanNameViewResolver': replacing [Root bean: class [null]; scope=; abstract=false; lazyInit=false; autowireMode=3; dependencyCheck=0; autowireCandidate=true; primary=false; factoryBeanName=org.springframework.boot.autoconfigure.web.ErrorMvcAutoConfiguration$WhitelabelErrorViewConfiguration; factoryMethodName=beanNameViewResolver; initMethodName=null; destroyMethodName=(inferred); defined in class path resource [org/springframework/boot/autoconfigure/web/ErrorMvcAutoConfiguration$WhitelabelErrorViewConfiguration.class]] with [Root bean: class [null]; scope=; abstract=false; lazyInit=false; autowireMode=3; dependencyCheck=0; autowireCandidate=true; primary=false; factoryBeanName=org.springframework.boot.autoconfigure.web.WebMvcAutoConfiguration$WebMvcAutoConfigurationAdapter; factoryMethodName=beanNameViewResolver; initMethodName=null; destroyMethodName=(inferred); defined in class path resource [org/springframework/boot/autoconfigure/web/WebMvcAutoConfiguration$WebMvcAutoConfigurationAdapter.class]]
2015-04-15 10:12:38.531  INFO 22198 --- [com.ericpol.notifier.Application.main()] s.b.c.e.t.TomcatEmbeddedServletContainer : Tomcat initialized with port(s): 8383 (http)
2015-04-15 10:12:38.767  INFO 22198 --- [com.ericpol.notifier.Application.main()] o.apache.catalina.core.StandardService   : Starting service Tomcat
2015-04-15 10:12:38.769  INFO 22198 --- [com.ericpol.notifier.Application.main()] org.apache.catalina.core.StandardEngine  : Starting Servlet Engine: Apache Tomcat/8.0.15
2015-04-15 10:12:38.888  INFO 22198 --- [localhost-startStop-1] o.a.c.c.C.[Tomcat].[localhost].[/]       : Initializing Spring embedded WebApplicationContext
2015-04-15 10:12:38.888  INFO 22198 --- [localhost-startStop-1] o.s.web.context.ContextLoader            : Root WebApplicationContext: initialization completed in 1970 ms
2015-04-15 10:12:39.766  INFO 22198 --- [localhost-startStop-1] o.s.b.c.e.ServletRegistrationBean        : Mapping servlet: 'dispatcherServlet' to [/]
2015-04-15 10:12:39.770  INFO 22198 --- [localhost-startStop-1] o.s.b.c.embedded.FilterRegistrationBean  : Mapping filter: 'characterEncodingFilter' to: [/*]
2015-04-15 10:12:39.770  INFO 22198 --- [localhost-startStop-1] o.s.b.c.embedded.FilterRegistrationBean  : Mapping filter: 'hiddenHttpMethodFilter' to: [/*]
2015-04-15 10:12:39.840  INFO 22198 --- [com.ericpol.notifier.Application.main()] org.quartz.impl.StdSchedulerFactory      : Using default implementation for ThreadExecutor
2015-04-15 10:12:39.859  INFO 22198 --- [com.ericpol.notifier.Application.main()] org.quartz.core.SchedulerSignalerImpl    : Initialized Scheduler Signaller of type: class org.quartz.core.SchedulerSignalerImpl
2015-04-15 10:12:39.860  INFO 22198 --- [com.ericpol.notifier.Application.main()] org.quartz.core.QuartzScheduler          : Quartz Scheduler v.2.2.1 created.
2015-04-15 10:12:39.861  INFO 22198 --- [com.ericpol.notifier.Application.main()] org.quartz.simpl.RAMJobStore             : RAMJobStore initialized.
2015-04-15 10:12:39.862  INFO 22198 --- [com.ericpol.notifier.Application.main()] org.quartz.core.QuartzScheduler          : Scheduler meta-data: Quartz Scheduler (v2.2.1) 'SipCallScheduler' with instanceId 'NON_CLUSTERED'
  Scheduler class: 'org.quartz.core.QuartzScheduler' - running locally.
  NOT STARTED.
  Currently in standby mode.
  Number of jobs executed: 0
  Using thread pool 'org.quartz.simpl.SimpleThreadPool' - with 3 threads.
  Using job-store 'org.quartz.simpl.RAMJobStore' - which does not support persistence. and is not clustered.

2015-04-15 10:12:39.862  INFO 22198 --- [com.ericpol.notifier.Application.main()] org.quartz.impl.StdSchedulerFactory      : Quartz scheduler 'SipCallScheduler' initialized from default resource file in Quartz package: 'quartz.properties'
2015-04-15 10:12:39.862  INFO 22198 --- [com.ericpol.notifier.Application.main()] org.quartz.impl.StdSchedulerFactory      : Quartz scheduler version: 2.2.1
2015-04-15 10:12:39.870  INFO 22198 --- [com.ericpol.notifier.Application.main()] com.ericpol.notifier.Application         : server is localhost:8082
2015-04-15 10:12:39.872  INFO 22198 --- [com.ericpol.notifier.Application.main()] com.ericpol.notifier.Application         : period is 2
2015-04-15 10:12:39.872  INFO 22198 --- [com.ericpol.notifier.Application.main()] org.quartz.core.QuartzScheduler          : Scheduler SipCallScheduler_$_NON_CLUSTERED started.
2015-04-15 10:12:40.221  INFO 22198 --- [SipCallScheduler_Worker-1] c.e.notifier.shedule.SendingEventsJob    : sending events job executed!
2015-04-15 10:12:40.441  INFO 22198 --- [com.ericpol.notifier.Application.main()] s.w.s.m.m.a.RequestMappingHandlerAdapter : Looking for @ControllerAdvice: org.springframework.boot.context.embedded.AnnotationConfigEmbeddedWebApplicationContext@a76a: startup date [Wed Apr 15 10:12:36 FET 2015]; root of context hierarchy
2015-04-15 10:12:40.514  INFO 22198 --- [com.ericpol.notifier.Application.main()] s.w.s.m.m.a.RequestMappingHandlerMapping : Mapped "{[/error],methods=[],params=[],headers=[],consumes=[],produces=[text/html],custom=[]}" onto public org.springframework.web.servlet.ModelAndView org.springframework.boot.autoconfigure.web.BasicErrorController.errorHtml(javax.servlet.http.HttpServletRequest)
2015-04-15 10:12:40.515  INFO 22198 --- [com.ericpol.notifier.Application.main()] s.w.s.m.m.a.RequestMappingHandlerMapping : Mapped "{[/error],methods=[],params=[],headers=[],consumes=[],produces=[],custom=[]}" onto public org.springframework.http.ResponseEntity<java.util.Map<java.lang.String, java.lang.Object>> org.springframework.boot.autoconfigure.web.BasicErrorController.error(javax.servlet.http.HttpServletRequest)
2015-04-15 10:12:40.555  INFO 22198 --- [com.ericpol.notifier.Application.main()] o.s.w.s.handler.SimpleUrlHandlerMapping  : Mapped URL path [/**] onto handler of type [class org.springframework.web.servlet.resource.ResourceHttpRequestHandler]
2015-04-15 10:12:40.555  INFO 22198 --- [com.ericpol.notifier.Application.main()] o.s.w.s.handler.SimpleUrlHandlerMapping  : Mapped URL path [/webjars/**] onto handler of type [class org.springframework.web.servlet.resource.ResourceHttpRequestHandler]
2015-04-15 10:12:40.616  INFO 22198 --- [com.ericpol.notifier.Application.main()] o.s.w.s.handler.SimpleUrlHandlerMapping  : Mapped URL path [/**/favicon.ico] onto handler of type [class org.springframework.web.servlet.resource.ResourceHttpRequestHandler]
2015-04-15 10:12:40.696  INFO 22198 --- [com.ericpol.notifier.Application.main()] o.s.j.e.a.AnnotationMBeanExporter        : Registering beans for JMX exposure on startup
2015-04-15 10:12:40.726  INFO 22198 --- [SipCallScheduler_Worker-1] c.e.notifier.shedule.SendingEventsJob    : sending events
2015-04-15 10:12:40.783  INFO 22198 --- [com.ericpol.notifier.Application.main()] s.b.c.e.t.TomcatEmbeddedServletContainer : Tomcat started on port(s): 8383 (http)
2015-04-15 10:12:40.787  INFO 22198 --- [com.ericpol.notifier.Application.main()] com.ericpol.notifier.Application         : Started Application in 4.185 seconds (JVM running for 8.931)
2015-04-15 10:13:00.204  INFO 22198 --- [SipCallScheduler_Worker-2] c.e.notifier.shedule.SendingEventsJob    : sending events job executed!
2015-04-15 10:13:00.411  INFO 22198 --- [SipCallScheduler_Worker-2] c.e.notifier.shedule.SendingEventsJob    : sending events
2015-04-15 10:13:20.203  INFO 22198 --- [SipCallScheduler_Worker-3] c.e.notifier.shedule.SendingEventsJob    : sending events job executed!
2015-04-15 10:13:20.407  INFO 22198 --- [SipCallScheduler_Worker-3] c.e.notifier.shedule.SendingEventsJob    : sending events
2015-04-15 10:13:40.203  INFO 22198 --- [SipCallScheduler_Worker-1] c.e.notifier.shedule.SendingEventsJob    : sending events job executed!
2015-04-15 10:13:40.419  INFO 22198 --- [SipCallScheduler_Worker-1] c.e.notifier.shedule.SendingEventsJob    : sending events
2015-04-15 10:14:00.202  INFO 22198 --- [SipCallScheduler_Worker-2] c.e.notifier.shedule.SendingEventsJob    : sending events job executed!
2015-04-15 10:14:00.410  INFO 22198 --- [SipCallScheduler_Worker-2] c.e.notifier.shedule.SendingEventsJob    : sending events
2015-04-15 10:14:20.203  INFO 22198 --- [SipCallScheduler_Worker-3] c.e.notifier.shedule.SendingEventsJob    : sending events job executed!
2015-04-15 10:14:20.410  INFO 22198 --- [SipCallScheduler_Worker-3] c.e.notifier.shedule.SendingEventsJob    : sending events
2015-04-15 10:14:40.203  INFO 22198 --- [SipCallScheduler_Worker-1] c.e.notifier.shedule.SendingEventsJob    : sending events job executed!
2015-04-15 10:14:40.410  INFO 22198 --- [SipCallScheduler_Worker-1] c.e.notifier.shedule.SendingEventsJob    : sending events
2015-04-15 10:15:00.202  INFO 22198 --- [SipCallScheduler_Worker-2] c.e.notifier.shedule.SendingEventsJob    : sending events job executed!
2015-04-15 10:15:00.409  INFO 22198 --- [SipCallScheduler_Worker-2] c.e.notifier.shedule.SendingEventsJob    : sending events
2015-04-15 10:15:20.203  INFO 22198 --- [SipCallScheduler_Worker-3] c.e.notifier.shedule.SendingEventsJob    : sending events job executed!
2015-04-15 10:15:20.411  INFO 22198 --- [SipCallScheduler_Worker-3] c.e.notifier.shedule.SendingEventsJob    : sending events
2015-04-15 10:15:40.203  INFO 22198 --- [SipCallScheduler_Worker-1] c.e.notifier.shedule.SendingEventsJob    : sending events job executed!
2015-04-15 10:15:40.407  INFO 22198 --- [SipCallScheduler_Worker-1] c.e.notifier.shedule.SendingEventsJob    : sending events
2015-04-15 10:16:00.203  INFO 22198 --- [SipCallScheduler_Worker-2] c.e.notifier.shedule.SendingEventsJob    : sending events job executed!
2015-04-15 10:16:00.410  INFO 22198 --- [SipCallScheduler_Worker-2] c.e.notifier.shedule.SendingEventsJob    : sending events
